c:\users\lenovo\source\repos\consoleapplication11_codec\consoleapplication11_codec\x64\release\vc141.pdb
c:\users\lenovo\source\repos\consoleapplication11_codec\consoleapplication11_codec\x64\release\consoleapplication11_codec.obj
c:\attinystreamgfxapi-main\video_codec_vs_project\consoleapplication11_codec\x64\release\vc141.pdb
c:\attinystreamgfxapi-main\video_codec_vs_project\consoleapplication11_codec\x64\release\consoleapplication11_codec.obj
c:\users\lenovo\source\repos\consoleapplication11_codec\x64\release\consoleapplication11_codec.ipdb
c:\users\lenovo\source\repos\consoleapplication11_codec\x64\release\consoleapplication11_codec.iobj
c:\attinystreamgfxapi-main\video_codec_vs_project\x64\release\consoleapplication11_codec.ipdb
c:\attinystreamgfxapi-main\video_codec_vs_project\x64\release\consoleapplication11_codec.iobj
c:\users\lenovo\source\repos\consoleapplication11_codec\x64\release\consoleapplication11_codec.exe
c:\users\lenovo\source\repos\consoleapplication11_codec\x64\release\consoleapplication11_codec.pdb
c:\attinystreamgfxapi-main\video_codec_vs_project\x64\release\consoleapplication11_codec.exe
c:\attinystreamgfxapi-main\video_codec_vs_project\x64\release\consoleapplication11_codec.pdb
c:\users\lenovo\source\repos\consoleapplication11_codec\consoleapplication11_codec\x64\release\consoleapplication11_codec.res
c:\attinystreamgfxapi-main\video_codec_vs_project\consoleapplication11_codec\x64\release\consoleapplication11_codec.res
c:\attinystreamgfxapi-main\video_codec_vs_project\consoleapplication11_codec\x64\release\nativecodeanalysis.read.1.tlog
c:\attinystreamgfxapi-main\video_codec_vs_project\consoleapplication11_codec\x64\release\consoleapplication11_codec.nativecodeanalysis.xml
c:\attinystreamgfxapi-main\video_codec_vs_project\consoleapplication11_codec\x64\release\vc.nativecodeanalysis.all.xml
c:\attinystreamgfxapi-main\video_codec_vs_project\consoleapplication11_codec\x64\release\consolea.3ba2184a.tlog\cl.command.1.tlog
c:\attinystreamgfxapi-main\video_codec_vs_project\consoleapplication11_codec\x64\release\consolea.3ba2184a.tlog\cl.read.1.tlog
c:\attinystreamgfxapi-main\video_codec_vs_project\consoleapplication11_codec\x64\release\consolea.3ba2184a.tlog\cl.write.1.tlog
c:\attinystreamgfxapi-main\video_codec_vs_project\consoleapplication11_codec\x64\release\consolea.3ba2184a.tlog\consoleapplication11_codec.write.1u.tlog
c:\attinystreamgfxapi-main\video_codec_vs_project\consoleapplication11_codec\x64\release\consolea.3ba2184a.tlog\link.command.1.tlog
c:\attinystreamgfxapi-main\video_codec_vs_project\consoleapplication11_codec\x64\release\consolea.3ba2184a.tlog\link.read.1.tlog
c:\attinystreamgfxapi-main\video_codec_vs_project\consoleapplication11_codec\x64\release\consolea.3ba2184a.tlog\link.write.1.tlog
c:\attinystreamgfxapi-main\video_codec_vs_project\consoleapplication11_codec\x64\release\consolea.3ba2184a.tlog\rc.command.1.tlog
c:\attinystreamgfxapi-main\video_codec_vs_project\consoleapplication11_codec\x64\release\consolea.3ba2184a.tlog\rc.read.1.tlog
c:\attinystreamgfxapi-main\video_codec_vs_project\consoleapplication11_codec\x64\release\consolea.3ba2184a.tlog\rc.write.1.tlog
